# JRE version: OpenJDK Runtime Environment (8.0_212-b04) (build 1.8.0_212-release-1586-b04)
# Java VM: OpenJDK 64-Bit Server VM (25.212-b04 mixed mode windows-amd64 compressed oops)
Heap:
 PSYoungGen      total 434176K, used 17354K [0x00000000e0000000, 0x00000000fed80000, 0x0000000100000000)
  eden space 366080K, 0% used [0x00000000e0000000,0x00000000e0000000,0x00000000f6580000)
  from space 68096K, 25% used [0x00000000fab00000,0x00000000fbbf2858,0x00000000fed80000)
  to   space 69632K, 0% used [0x00000000f6580000,0x00000000f6580000,0x00000000fa980000)
 ParOldGen       total 126464K, used 126146K [0x00000000a0000000, 0x00000000a7b80000, 0x00000000e0000000)
  object space 126464K, 99% used [0x00000000a0000000,0x00000000a7b30a00,0x00000000a7b80000)
 Metaspace       used 154407K, capacity 164182K, committed 164268K, reserved 1191936K
  class space    used 19975K, capacity 21833K, committed 21888K, reserved 1048576K
GC Heap History (10 events):
Event: 9376.737 GC heap after
Heap after GC invocations=44 (full 4):
 PSYoungGen      total 339456K, used 46926K [0x00000000e0000000, 0x00000000f9000000, 0x0000000100000000)
  eden space 276992K, 0% used [0x00000000e0000000,0x00000000e0000000,0x00000000f0e80000)
  from space 62464K, 75% used [0x00000000f4f00000,0x00000000f7cd3aa8,0x00000000f8c00000)
  to   space 66048K, 0% used [0x00000000f0e80000,0x00000000f0e80000,0x00000000f4f00000)
 ParOldGen       total 126464K, used 80617K [0x00000000a0000000, 0x00000000a7b80000, 0x00000000e0000000)
  object space 126464K, 63% used [0x00000000a0000000,0x00000000a4eba688,0x00000000a7b80000)
 Metaspace       used 138929K, capacity 147772K, committed 147840K, reserved 1177600K
  class space    used 17874K, capacity 19540K, committed 19584K, reserved 1048576K
}
Event: 9465.003 GC heap before
{Heap before GC invocations=45 (full 4):
 PSYoungGen      total 339456K, used 323918K [0x00000000e0000000, 0x00000000f9000000, 0x0000000100000000)
  eden space 276992K, 100% used [0x00000000e0000000,0x00000000f0e80000,0x00000000f0e80000)
  from space 62464K, 75% used [0x00000000f4f00000,0x00000000f7cd3aa8,0x00000000f8c00000)
  to   space 66048K, 0% used [0x00000000f0e80000,0x00000000f0e80000,0x00000000f4f00000)
 ParOldGen       total 126464K, used 80617K [0x00000000a0000000, 0x00000000a7b80000, 0x00000000e0000000)
  object space 126464K, 63% used [0x00000000a0000000,0x00000000a4eba688,0x00000000a7b80000)
 Metaspace       used 140969K, capacity 149916K, committed 150144K, reserved 1179648K
  class space    used 18092K, capacity 19786K, committed 19840K, reserved 1048576K
Event: 9465.293 GC heap after
Heap after GC invocations=45 (full 4):
 PSYoungGen      total 343040K, used 45035K [0x00000000e0000000, 0x00000000fb900000, 0x0000000100000000)
  eden space 276992K, 0% used [0x00000000e0000000,0x00000000e0000000,0x00000000f0e80000)
  from space 66048K, 68% used [0x00000000f0e80000,0x00000000f3a7aff8,0x00000000f4f00000)
  to   space 68096K, 0% used [0x00000000f7680000,0x00000000f7680000,0x00000000fb900000)
 ParOldGen       total 126464K, used 83836K [0x00000000a0000000, 0x00000000a7b80000, 0x00000000e0000000)
  object space 126464K, 66% used [0x00000000a0000000,0x00000000a51df188,0x00000000a7b80000)
 Metaspace       used 140969K, capacity 149916K, committed 150144K, reserved 1179648K
  class space    used 18092K, capacity 19786K, committed 19840K, reserved 1048576K
}
Event: 9680.343 GC heap before
{Heap before GC invocations=46 (full 4):
 PSYoungGen      total 343040K, used 322027K [0x00000000e0000000, 0x00000000fb900000, 0x0000000100000000)
  eden space 276992K, 100% used [0x00000000e0000000,0x00000000f0e80000,0x00000000f0e80000)
  from space 66048K, 68% used [0x00000000f0e80000,0x00000000f3a7aff8,0x00000000f4f00000)
  to   space 68096K, 0% used [0x00000000f7680000,0x00000000f7680000,0x00000000fb900000)
 ParOldGen       total 126464K, used 83836K [0x00000000a0000000, 0x00000000a7b80000, 0x00000000e0000000)
  object space 126464K, 66% used [0x00000000a0000000,0x00000000a51df188,0x00000000a7b80000)
 Metaspace       used 143633K, capacity 152686K, committed 152832K, reserved 1181696K
  class space    used 18421K, capacity 20137K, committed 20224K, reserved 1048576K
Event: 9680.549 GC heap after
Heap after GC invocations=46 (full 4):
 PSYoungGen      total 379904K, used 47562K [0x00000000e0000000, 0x00000000fba80000, 0x0000000100000000)
  eden space 311808K, 0% used [0x00000000e0000000,0x00000000e0000000,0x00000000f3080000)
  from space 68096K, 69% used [0x00000000f7680000,0x00000000fa4f2948,0x00000000fb900000)
  to   space 70656K, 0% used [0x00000000f3080000,0x00000000f3080000,0x00000000f7580000)
 ParOldGen       total 126464K, used 89099K [0x00000000a0000000, 0x00000000a7b80000, 0x00000000e0000000)
  object space 126464K, 70% used [0x00000000a0000000,0x00000000a5702d08,0x00000000a7b80000)
 Metaspace       used 143633K, capacity 152686K, committed 152832K, reserved 1181696K
  class space    used 18421K, capacity 20137K, committed 20224K, reserved 1048576K
}
Event: 9738.163 GC heap before
{Heap before GC invocations=47 (full 4):
 PSYoungGen      total 379904K, used 359370K [0x00000000e0000000, 0x00000000fba80000, 0x0000000100000000)
  eden space 311808K, 100% used [0x00000000e0000000,0x00000000f3080000,0x00000000f3080000)
  from space 68096K, 69% used [0x00000000f7680000,0x00000000fa4f2948,0x00000000fb900000)
  to   space 70656K, 0% used [0x00000000f3080000,0x00000000f3080000,0x00000000f7580000)
 ParOldGen       total 126464K, used 89099K [0x00000000a0000000, 0x00000000a7b80000, 0x00000000e0000000)
  object space 126464K, 70% used [0x00000000a0000000,0x00000000a5702d08,0x00000000a7b80000)
 Metaspace       used 150655K, capacity 159976K, committed 160256K, reserved 1187840K
  class space    used 19375K, capacity 21148K, committed 21248K, reserved 1048576K
Event: 9743.483 GC heap after
Heap after GC invocations=47 (full 4):
 PSYoungGen      total 382464K, used 42847K [0x00000000e0000000, 0x00000000fef80000, 0x0000000100000000)
  eden space 311808K, 0% used [0x00000000e0000000,0x00000000e0000000,0x00000000f3080000)
  from space 70656K, 60% used [0x00000000f3080000,0x00000000f5a57ef0,0x00000000f7580000)
  to   space 70144K, 0% used [0x00000000fab00000,0x00000000fab00000,0x00000000fef80000)
 ParOldGen       total 126464K, used 106988K [0x00000000a0000000, 0x00000000a7b80000, 0x00000000e0000000)
  object space 126464K, 84% used [0x00000000a0000000,0x00000000a687b010,0x00000000a7b80000)
 Metaspace       used 150655K, capacity 159976K, committed 160256K, reserved 1187840K
  class space    used 19375K, capacity 21148K, committed 21248K, reserved 1048576K
}
Event: 9760.730 GC heap before
{Heap before GC invocations=48 (full 4):
 PSYoungGen      total 382464K, used 162419K [0x00000000e0000000, 0x00000000fef80000, 0x0000000100000000)
  eden space 311808K, 38% used [0x00000000e0000000,0x00000000e74c4e88,0x00000000f3080000)
  from space 70656K, 60% used [0x00000000f3080000,0x00000000f5a57ef0,0x00000000f7580000)
  to   space 70144K, 0% used [0x00000000fab00000,0x00000000fab00000,0x00000000fef80000)
 ParOldGen       total 126464K, used 106988K [0x00000000a0000000, 0x00000000a7b80000, 0x00000000e0000000)
  object space 126464K, 84% used [0x00000000a0000000,0x00000000a687b010,0x00000000a7b80000)
 Metaspace       used 154407K, capacity 164182K, committed 164268K, reserved 1191936K
  class space    used 19975K, capacity 21833K, committed 21888K, reserved 1048576K
Event: 9761.080 GC heap after
Heap after GC invocations=48 (full 4):
 PSYoungGen      total 434176K, used 17354K [0x00000000e0000000, 0x00000000fed80000, 0x0000000100000000)
  eden space 366080K, 0% used [0x00000000e0000000,0x00000000e0000000,0x00000000f6580000)
  from space 68096K, 25% used [0x00000000fab00000,0x00000000fbbf2858,0x00000000fed80000)
  to   space 69632K, 0% used [0x00000000f6580000,0x00000000f6580000,0x00000000fa980000)
 ParOldGen       total 126464K, used 126146K [0x00000000a0000000, 0x00000000a7b80000, 0x00000000e0000000)
  object space 126464K, 99% used [0x00000000a0000000,0x00000000a7b30a00,0x00000000a7b80000)
 Metaspace       used 154407K, capacity 164182K, committed 164268K, reserved 1191936K
  class space    used 19975K, capacity 21833K, committed 21888K, reserved 1048576K
}
Event: 9761.080 GC heap before
{Heap before GC invocations=49 (full 5):
 PSYoungGen      total 434176K, used 17354K [0x00000000e0000000, 0x00000000fed80000, 0x0000000100000000)
  eden space 366080K, 0% used [0x00000000e0000000,0x00000000e0000000,0x00000000f6580000)
  from space 68096K, 25% used [0x00000000fab00000,0x00000000fbbf2858,0x00000000fed80000)
  to   space 69632K, 0% used [0x00000000f6580000,0x00000000f6580000,0x00000000fa980000)
 ParOldGen       total 126464K, used 126146K [0x00000000a0000000, 0x00000000a7b80000, 0x00000000e0000000)
  object space 126464K, 99% used [0x00000000a0000000,0x00000000a7b30a00,0x00000000a7b80000)
 Metaspace       used 154407K, capacity 164182K, committed 164268K, reserved 1191936K
  class space    used 19975K, capacity 21833K, committed 21888K, reserved 1048576K

